<?xml version="1.0" encoding="UTF-8"?>
<testng-results total="3" passed="3" failed="0" skipped="0">
  <reporter-output>
  </reporter-output>
  <suite started-at="2018-10-24T00:00:47Z" name="Suite" finished-at="2018-10-24T00:01:13Z" duration-ms="25076">
    <groups>
    </groups>
    <test started-at="2018-10-24T00:00:47Z" name="Tests" finished-at="2018-10-24T00:01:06Z" duration-ms="18956">
      <class name="Step.Homepage">
        <test-method is-config="true" signature="initialize()[pri:0, instance:Step.Homepage@59f63e24]" started-at="2018-10-23T20:00:47Z" name="initialize" finished-at="2018-10-23T20:00:49Z" duration-ms="1600" status="PASS">
          <reporter-output>
          </reporter-output>
        </test-method> <!-- initialize -->
        <test-method signature="basePageNavigation(java.lang.String, java.lang.String)[pri:0, instance:Step.Homepage@59f63e24]" started-at="2018-10-23T20:00:49Z" name="basePageNavigation" data-provider="getData" finished-at="2018-10-23T20:01:00Z" duration-ms="10685" status="PASS">
          <params>
            <param index="0">
              <value>
                <![CDATA[rakin33@gmail.com]]>
              </value>
            </param>
            <param index="1">
              <value>
                <![CDATA[asdcf]]>
              </value>
            </param>
          </params>
          <reporter-output>
          </reporter-output>
        </test-method> <!-- basePageNavigation -->
        <test-method signature="basePageNavigation(java.lang.String, java.lang.String)[pri:0, instance:Step.Homepage@59f63e24]" started-at="2018-10-23T20:01:00Z" name="basePageNavigation" data-provider="getData" finished-at="2018-10-23T20:01:06Z" duration-ms="6542" status="PASS">
          <params>
            <param index="0">
              <value>
                <![CDATA[restricteduser@qw.com]]>
              </value>
            </param>
            <param index="1">
              <value>
                <![CDATA[12234]]>
              </value>
            </param>
          </params>
          <reporter-output>
          </reporter-output>
        </test-method> <!-- basePageNavigation -->
        <test-method is-config="true" signature="teardown()[pri:0, instance:Step.Homepage@59f63e24]" started-at="2018-10-23T20:01:06Z" name="teardown" finished-at="2018-10-23T20:01:06Z" duration-ms="117" status="PASS">
          <reporter-output>
          </reporter-output>
        </test-method> <!-- teardown -->
      </class> <!-- Step.Homepage -->
    </test> <!-- Tests -->
    <test started-at="2018-10-24T00:01:06Z" name="Test" finished-at="2018-10-24T00:01:13Z" duration-ms="6097">
      <class name="Step.validation">
        <test-method is-config="true" signature="initialize()[pri:0, instance:Step.validation@25a6944c]" started-at="2018-10-23T20:01:06Z" name="initialize" finished-at="2018-10-23T20:01:12Z" duration-ms="5924" status="PASS">
          <reporter-output>
          </reporter-output>
        </test-method> <!-- initialize -->
        <test-method signature="basePageNavigation()[pri:0, instance:Step.validation@25a6944c]" started-at="2018-10-23T20:01:12Z" name="basePageNavigation" finished-at="2018-10-23T20:01:12Z" duration-ms="46" status="PASS">
          <reporter-output>
          </reporter-output>
        </test-method> <!-- basePageNavigation -->
        <test-method is-config="true" signature="teardown()[pri:0, instance:Step.validation@25a6944c]" started-at="2018-10-23T20:01:12Z" name="teardown" finished-at="2018-10-23T20:01:13Z" duration-ms="126" status="PASS">
          <reporter-output>
          </reporter-output>
        </test-method> <!-- teardown -->
      </class> <!-- Step.validation -->
    </test> <!-- Test -->
  </suite> <!-- Suite -->
</testng-results>
